DEBUG http-nio-8080-exec-10 com.xxglxt.service.impl.UserServiceImpl - 张三发起登录请求
DEBUG http-nio-8080-exec-10 com.xxglxt.service.impl.UserServiceImpl - 张三登录成功
DEBUG http-nio-8080-exec-9 com.xxglxt.service.impl.UserServiceImpl - 张三发起登录请求
DEBUG http-nio-8080-exec-9 com.xxglxt.service.impl.UserServiceImpl - 张三登录成功
DEBUG http-nio-8080-exec-1 com.xxglxt.service.impl.UserServiceImpl - 张三发起登录请求
DEBUG http-nio-8080-exec-1 com.xxglxt.service.impl.UserServiceImpl - 张三登录成功
DEBUG http-nio-8080-exec-8 com.xxglxt.service.impl.UserServiceImpl - 张三发起登录请求
DEBUG http-nio-8080-exec-8 com.xxglxt.service.impl.UserServiceImpl - 张三登录成功
DEBUG http-nio-8080-exec-6 com.xxglxt.service.impl.UserServiceImpl - 张三发起登录请求
DEBUG http-nio-8080-exec-6 com.xxglxt.service.impl.UserServiceImpl - 张三登录成功
DEBUG http-nio-8080-exec-7 com.xxglxt.service.impl.UserServiceImpl - 张三发起登录请求
DEBUG http-nio-8080-exec-7 com.xxglxt.service.impl.UserServiceImpl - 张三登录成功
DEBUG http-nio-8080-exec-9 com.xxglxt.service.impl.UserServiceImpl - 张三发起登录请求
DEBUG http-nio-8080-exec-9 com.xxglxt.service.impl.UserServiceImpl - 张三登录成功
DEBUG http-nio-8080-exec-3 com.xxglxt.service.impl.UserServiceImpl - 张三发起登录请求
DEBUG http-nio-8080-exec-3 com.xxglxt.service.impl.UserServiceImpl - 张三登录成功
DEBUG http-nio-8080-exec-3 com.xxglxt.service.impl.UserServiceImpl - 张三发起登录请求
DEBUG http-nio-8080-exec-3 com.xxglxt.service.impl.UserServiceImpl - 张三登录失败
DEBUG http-nio-8080-exec-5 com.xxglxt.service.impl.UserServiceImpl - 张三发起登录请求
DEBUG http-nio-8080-exec-5 com.xxglxt.service.impl.UserServiceImpl - 张三登录成功
DEBUG http-nio-8080-exec-5 com.xxglxt.service.impl.UserServiceImpl - 张三发起登录请求
DEBUG http-nio-8080-exec-5 com.xxglxt.service.impl.UserServiceImpl - 张三登录成功
DEBUG http-nio-8080-exec-6 com.xxglxt.service.impl.UserServiceImpl - 张三发起登录请求
DEBUG http-nio-8080-exec-6 com.xxglxt.service.impl.UserServiceImpl - 张三登录成功
DEBUG http-nio-8080-exec-6 com.xxglxt.service.impl.UserServiceImpl - 张三发起登录请求
DEBUG http-nio-8080-exec-6 com.xxglxt.service.impl.UserServiceImpl - 张三登录成功
DEBUG http-nio-8080-exec-1 com.xxglxt.service.impl.UserServiceImpl - 张三发起登录请求
DEBUG http-nio-8080-exec-1 com.xxglxt.service.impl.UserServiceImpl - 张三登录成功
DEBUG http-nio-8080-exec-6 com.xxglxt.service.impl.UserServiceImpl - 张三发起登录请求
DEBUG http-nio-8080-exec-6 com.xxglxt.service.impl.UserServiceImpl - 张三登录成功
DEBUG http-nio-8080-exec-6 com.xxglxt.service.impl.UserServiceImpl - 张三发起登录请求
DEBUG http-nio-8080-exec-6 com.xxglxt.service.impl.UserServiceImpl - 张三登录成功
DEBUG http-nio-8080-exec-7 com.xxglxt.service.impl.UserServiceImpl - 张三发起登录请求
DEBUG http-nio-8080-exec-7 com.xxglxt.service.impl.UserServiceImpl - 张三登录成功
DEBUG http-nio-8080-exec-7 com.xxglxt.service.impl.UserServiceImpl - 张三发起登录请求
DEBUG http-nio-8080-exec-7 com.xxglxt.service.impl.UserServiceImpl - 张三登录成功
DEBUG http-nio-8080-exec-4 com.xxglxt.service.impl.UserServiceImpl - 张三发起登录请求
DEBUG http-nio-8080-exec-4 com.xxglxt.service.impl.UserServiceImpl - 张三登录成功
DEBUG http-nio-8080-exec-10 com.xxglxt.service.impl.UserServiceImpl - 张三发起登录请求
DEBUG http-nio-8080-exec-10 com.xxglxt.service.impl.UserServiceImpl - 张三登录失败
DEBUG http-nio-8080-exec-6 com.xxglxt.service.impl.UserServiceImpl - 张三发起登录请求
DEBUG http-nio-8080-exec-6 com.xxglxt.service.impl.UserServiceImpl - 张三登录成功
DEBUG http-nio-8080-exec-6 com.xxglxt.service.impl.UserServiceImpl - 张三发起登录请求
DEBUG http-nio-8080-exec-6 com.xxglxt.service.impl.UserServiceImpl - 张三登录成功
DEBUG http-nio-8080-exec-4 com.xxglxt.service.impl.UserServiceImpl - 张三发起登录请求
DEBUG http-nio-8080-exec-4 com.xxglxt.service.impl.UserServiceImpl - 张三登录失败
DEBUG http-nio-8080-exec-5 com.xxglxt.service.impl.UserServiceImpl - 张三发起登录请求
DEBUG http-nio-8080-exec-5 com.xxglxt.service.impl.UserServiceImpl - 张三登录失败
DEBUG http-nio-8080-exec-6 com.xxglxt.service.impl.UserServiceImpl - 张三发起登录请求
DEBUG http-nio-8080-exec-6 com.xxglxt.service.impl.UserServiceImpl - 张三登录失败
DEBUG http-nio-8080-exec-9 com.xxglxt.service.impl.UserServiceImpl - dfg发起登录请求
DEBUG http-nio-8080-exec-9 com.xxglxt.service.impl.UserServiceImpl - dfg登录失败
DEBUG http-nio-8080-exec-3 com.xxglxt.service.impl.UserServiceImpl - sfg发起登录请求
DEBUG http-nio-8080-exec-3 com.xxglxt.service.impl.UserServiceImpl - sfg登录失败
DEBUG http-nio-8080-exec-5 com.xxglxt.service.impl.UserServiceImpl - 张三发起登录请求
DEBUG http-nio-8080-exec-5 com.xxglxt.service.impl.UserServiceImpl - 张三登录成功
DEBUG http-nio-8080-exec-7 com.xxglxt.service.impl.UserServiceImpl - 张三发起登录请求
DEBUG http-nio-8080-exec-7 com.xxglxt.service.impl.UserServiceImpl - 张三登录成功
DEBUG http-nio-8080-exec-5 com.xxglxt.service.impl.UserServiceImpl - 张三发起登录请求
DEBUG http-nio-8080-exec-5 com.xxglxt.service.impl.UserServiceImpl - 张三登录成功
DEBUG http-nio-8080-exec-5 com.xxglxt.service.impl.UserServiceImpl - 张三发起登录请求
DEBUG http-nio-8080-exec-5 com.xxglxt.service.impl.UserServiceImpl - 张三登录成功
DEBUG http-nio-8080-exec-6 com.xxglxt.service.impl.UserServiceImpl - 张三发起登录请求
DEBUG http-nio-8080-exec-6 com.xxglxt.service.impl.UserServiceImpl - 张三登录成功
DEBUG http-nio-8080-exec-5 com.xxglxt.service.impl.UserServiceImpl - 张三发起登录请求
DEBUG http-nio-8080-exec-5 com.xxglxt.service.impl.UserServiceImpl - 张三登录成功
DEBUG http-nio-8080-exec-6 com.xxglxt.service.impl.UserServiceImpl - 张三发起登录请求
DEBUG http-nio-8080-exec-6 com.xxglxt.service.impl.UserServiceImpl - 张三登录成功
DEBUG http-nio-8080-exec-3 com.xxglxt.servlet.UserServlet - 没有找到对应的操作符：pwd
DEBUG http-nio-8080-exec-7 com.xxglxt.service.impl.UserServiceImpl - 张三发起登录请求
DEBUG http-nio-8080-exec-7 com.xxglxt.service.impl.UserServiceImpl - 张三登录成功
DEBUG http-nio-8080-exec-5 com.xxglxt.service.impl.UserServiceImpl - 1:发起密码修改请求
DEBUG http-nio-8080-exec-5 com.xxglxt.service.impl.UserServiceImpl - 1:密码修改成功
DEBUG http-nio-8080-exec-5 com.xxglxt.service.impl.UserServiceImpl - 张三发起登录请求
DEBUG http-nio-8080-exec-5 com.xxglxt.service.impl.UserServiceImpl - 张三登录成功
DEBUG http-nio-8080-exec-2 com.xxglxt.service.impl.UserServiceImpl - 1:发起密码修改请求
DEBUG http-nio-8080-exec-2 com.xxglxt.service.impl.UserServiceImpl - 1:密码修改成功
DEBUG http-nio-8080-exec-5 com.xxglxt.service.impl.UserServiceImpl - 张三发起登录请求
DEBUG http-nio-8080-exec-5 com.xxglxt.service.impl.UserServiceImpl - 张三登录成功
DEBUG http-nio-8080-exec-2 com.xxglxt.service.impl.UserServiceImpl - 1:发起密码修改请求
DEBUG http-nio-8080-exec-2 com.xxglxt.service.impl.UserServiceImpl - 1:密码修改成功
DEBUG http-nio-8080-exec-6 com.xxglxt.service.impl.UserServiceImpl - 张三发起登录请求
DEBUG http-nio-8080-exec-6 com.xxglxt.service.impl.UserServiceImpl - 张三登录成功
DEBUG http-nio-8080-exec-3 com.xxglxt.service.impl.UserServiceImpl - 1:发起密码修改请求
DEBUG http-nio-8080-exec-3 com.xxglxt.service.impl.UserServiceImpl - 1:密码修改成功
DEBUG http-nio-8080-exec-6 com.xxglxt.service.impl.UserServiceImpl - 张三发起登录请求
DEBUG http-nio-8080-exec-6 com.xxglxt.service.impl.UserServiceImpl - 张三登录成功
DEBUG http-nio-8080-exec-3 com.xxglxt.service.impl.UserServiceImpl - 1:发起密码修改请求
DEBUG http-nio-8080-exec-3 com.xxglxt.service.impl.UserServiceImpl - 1:密码修改成功
DEBUG http-nio-8080-exec-5 com.xxglxt.service.impl.UserServiceImpl - 张三发起登录请求
DEBUG http-nio-8080-exec-5 com.xxglxt.service.impl.UserServiceImpl - 张三登录成功
DEBUG http-nio-8080-exec-5 com.xxglxt.service.impl.UserServiceImpl - 张三发起登录请求
DEBUG http-nio-8080-exec-5 com.xxglxt.service.impl.UserServiceImpl - 张三登录成功
DEBUG http-nio-8080-exec-2 com.xxglxt.service.impl.UserServiceImpl - 1:发起密码修改请求
DEBUG http-nio-8080-exec-2 com.xxglxt.service.impl.UserServiceImpl - 1:密码修改成功
DEBUG http-nio-8080-exec-5 com.xxglxt.service.impl.UserServiceImpl - 张三发起登录请求
DEBUG http-nio-8080-exec-5 com.xxglxt.service.impl.UserServiceImpl - 张三登录成功
DEBUG http-nio-8080-exec-2 com.xxglxt.service.impl.UserServiceImpl - 1:发起密码修改请求
DEBUG http-nio-8080-exec-2 com.xxglxt.service.impl.UserServiceImpl - 用户1：Dao层开始执行，新密码为：666
DEBUG http-nio-8080-exec-2 com.xxglxt.service.impl.UserServiceImpl - 1:密码修改成功
DEBUG http-nio-8080-exec-7 com.xxglxt.service.impl.UserServiceImpl - 张三发起登录请求
DEBUG http-nio-8080-exec-7 com.xxglxt.service.impl.UserServiceImpl - 张三登录成功
DEBUG http-nio-8080-exec-3 com.xxglxt.service.impl.UserServiceImpl - 1:发起密码修改请求
DEBUG http-nio-8080-exec-3 com.xxglxt.service.impl.UserServiceImpl - 用户1：Dao层开始执行，新密码为：666
DEBUG http-nio-8080-exec-3 com.xxglxt.service.impl.UserServiceImpl - 用户1：Dao层执行完毕，新密码为：666
DEBUG http-nio-8080-exec-3 com.xxglxt.service.impl.UserServiceImpl - 1:密码修改成功
DEBUG http-nio-8080-exec-6 com.xxglxt.service.impl.UserServiceImpl - 张三发起登录请求
DEBUG http-nio-8080-exec-6 com.xxglxt.service.impl.UserServiceImpl - 张三登录失败
DEBUG http-nio-8080-exec-8 com.xxglxt.service.impl.UserServiceImpl - 张三发起登录请求
DEBUG http-nio-8080-exec-8 com.xxglxt.service.impl.UserServiceImpl - 张三登录成功
DEBUG http-nio-8080-exec-5 com.xxglxt.service.impl.UserServiceImpl - 1:发起密码修改请求
DEBUG http-nio-8080-exec-5 com.xxglxt.service.impl.UserServiceImpl - 用户1：Dao层开始执行，新密码为：123
DEBUG http-nio-8080-exec-5 com.xxglxt.service.impl.UserServiceImpl - 用户1：Dao层执行完毕，新密码为：123
DEBUG http-nio-8080-exec-5 com.xxglxt.service.impl.UserServiceImpl - 1:密码修改失败
DEBUG http-nio-8080-exec-5 com.xxglxt.service.impl.UserServiceImpl - 张三发起登录请求
DEBUG http-nio-8080-exec-5 com.xxglxt.service.impl.UserServiceImpl - 张三登录成功
DEBUG http-nio-8080-exec-2 com.xxglxt.service.impl.UserServiceImpl - 1:发起密码修改请求
DEBUG http-nio-8080-exec-2 com.xxglxt.service.impl.UserServiceImpl - 1:密码修改成功
DEBUG http-nio-8080-exec-8 com.xxglxt.service.impl.UserServiceImpl - 张三发起登录请求
DEBUG http-nio-8080-exec-8 com.xxglxt.service.impl.UserServiceImpl - 张三登录失败
DEBUG http-nio-8080-exec-10 com.xxglxt.service.impl.UserServiceImpl - 发起登录请求
DEBUG http-nio-8080-exec-10 com.xxglxt.service.impl.UserServiceImpl - 登录失败
DEBUG http-nio-8080-exec-2 com.xxglxt.service.impl.UserServiceImpl - 发起登录请求
DEBUG http-nio-8080-exec-2 com.xxglxt.service.impl.UserServiceImpl - 登录失败
DEBUG http-nio-8080-exec-4 com.xxglxt.service.impl.UserServiceImpl - 张三发起登录请求
DEBUG http-nio-8080-exec-4 com.xxglxt.service.impl.UserServiceImpl - 张三登录成功
DEBUG http-nio-8080-exec-9 com.xxglxt.service.impl.UserServiceImpl - 1:发起密码修改请求
DEBUG http-nio-8080-exec-9 com.xxglxt.service.impl.UserServiceImpl - 1:密码修改成功
DEBUG http-nio-8080-exec-5 com.xxglxt.service.impl.UserServiceImpl - 张三发起登录请求
DEBUG http-nio-8080-exec-5 com.xxglxt.service.impl.UserServiceImpl - 张三登录成功
DEBUG http-nio-8080-exec-2 com.xxglxt.service.impl.UserServiceImpl - 1:发起密码修改请求
DEBUG http-nio-8080-exec-2 com.xxglxt.service.impl.UserServiceImpl - 1:密码修改成功
DEBUG http-nio-8080-exec-5 com.xxglxt.service.impl.UserServiceImpl - 张三发起登录请求
DEBUG http-nio-8080-exec-5 com.xxglxt.service.impl.UserServiceImpl - 张三登录成功
DEBUG http-nio-8080-exec-2 com.xxglxt.service.impl.UserServiceImpl - 1:发起密码修改请求
DEBUG http-nio-8080-exec-2 com.xxglxt.service.impl.UserServiceImpl - 1:密码修改成功
DEBUG http-nio-8080-exec-5 com.xxglxt.service.impl.UserServiceImpl - 张三发起登录请求
DEBUG http-nio-8080-exec-5 com.xxglxt.service.impl.UserServiceImpl - 张三登录成功
DEBUG http-nio-8080-exec-2 com.xxglxt.service.impl.UserServiceImpl - 1:发起密码修改请求
DEBUG http-nio-8080-exec-2 com.xxglxt.service.impl.UserServiceImpl - 1:密码修改成功
DEBUG http-nio-8080-exec-2 com.xxglxt.servlet.UserServlet - 1flag为true
DEBUG http-nio-8080-exec-6 com.xxglxt.service.impl.UserServiceImpl - 张三发起登录请求
DEBUG http-nio-8080-exec-6 com.xxglxt.service.impl.UserServiceImpl - 张三登录失败
DEBUG http-nio-8080-exec-8 com.xxglxt.service.impl.UserServiceImpl - 发起登录请求
DEBUG http-nio-8080-exec-8 com.xxglxt.service.impl.UserServiceImpl - 登录失败
DEBUG http-nio-8080-exec-10 com.xxglxt.service.impl.UserServiceImpl - 发起登录请求
DEBUG http-nio-8080-exec-10 com.xxglxt.service.impl.UserServiceImpl - 登录失败
DEBUG http-nio-8080-exec-2 com.xxglxt.service.impl.UserServiceImpl - 张三发起登录请求
DEBUG http-nio-8080-exec-2 com.xxglxt.service.impl.UserServiceImpl - 张三登录成功
DEBUG http-nio-8080-exec-9 com.xxglxt.service.impl.UserServiceImpl - 1:发起密码修改请求
DEBUG http-nio-8080-exec-9 com.xxglxt.service.impl.UserServiceImpl - 1:密码修改成功
DEBUG http-nio-8080-exec-9 com.xxglxt.servlet.UserServlet - 1flag为true
DEBUG http-nio-8080-exec-4 com.xxglxt.service.impl.UserServiceImpl - 张三发起登录请求
DEBUG http-nio-8080-exec-4 com.xxglxt.service.impl.UserServiceImpl - 张三登录成功
DEBUG http-nio-8080-exec-5 com.xxglxt.service.impl.UserServiceImpl - 1:发起密码修改请求
DEBUG http-nio-8080-exec-5 com.xxglxt.service.impl.UserServiceImpl - 1:密码修改成功
DEBUG http-nio-8080-exec-5 com.xxglxt.servlet.UserServlet - 1flag为true
DEBUG http-nio-8080-exec-6 com.xxglxt.service.impl.UserServiceImpl - 张三发起登录请求
DEBUG http-nio-8080-exec-6 com.xxglxt.service.impl.UserServiceImpl - 张三登录失败
DEBUG http-nio-8080-exec-8 com.xxglxt.service.impl.UserServiceImpl - 张三发起登录请求
DEBUG http-nio-8080-exec-8 com.xxglxt.service.impl.UserServiceImpl - 张三登录成功
DEBUG http-nio-8080-exec-5 com.xxglxt.service.impl.UserServiceImpl - 1:发起密码修改请求
DEBUG http-nio-8080-exec-5 com.xxglxt.service.impl.UserServiceImpl - 1:密码修改成功
DEBUG http-nio-8080-exec-6 com.xxglxt.service.impl.UserServiceImpl - 张三发起登录请求
DEBUG http-nio-8080-exec-6 com.xxglxt.service.impl.UserServiceImpl - 张三登录成功
DEBUG http-nio-8080-exec-3 com.xxglxt.service.impl.UserServiceImpl - 1:发起密码修改请求
DEBUG http-nio-8080-exec-3 com.xxglxt.service.impl.UserServiceImpl - 1:密码修改成功
DEBUG http-nio-8080-exec-6 com.xxglxt.service.impl.UserServiceImpl - 张三发起登录请求
DEBUG http-nio-8080-exec-6 com.xxglxt.service.impl.UserServiceImpl - 张三登录成功
DEBUG http-nio-8080-exec-3 com.xxglxt.service.impl.UserServiceImpl - 1:发起密码修改请求
DEBUG http-nio-8080-exec-3 com.xxglxt.service.impl.UserServiceImpl - 1:密码修改成功
DEBUG http-nio-8080-exec-6 com.xxglxt.service.impl.UserServiceImpl - 张三发起登录请求
DEBUG http-nio-8080-exec-6 com.xxglxt.service.impl.UserServiceImpl - 张三登录成功
DEBUG http-nio-8080-exec-6 com.xxglxt.service.impl.UserServiceImpl - 张三发起登录请求
DEBUG http-nio-8080-exec-6 com.xxglxt.service.impl.UserServiceImpl - 张三登录成功
DEBUG http-nio-8080-exec-3 com.xxglxt.service.impl.UserServiceImpl - 1:发起密码修改请求
DEBUG http-nio-8080-exec-3 com.xxglxt.service.impl.UserServiceImpl - 1:密码修改成功
DEBUG http-nio-8080-exec-10 com.xxglxt.service.impl.UserServiceImpl - 张三发起登录请求
DEBUG http-nio-8080-exec-10 com.xxglxt.service.impl.UserServiceImpl - 张三登录失败
DEBUG http-nio-8080-exec-2 com.xxglxt.service.impl.UserServiceImpl - 张三发起登录请求
DEBUG http-nio-8080-exec-2 com.xxglxt.service.impl.UserServiceImpl - 张三登录成功
DEBUG http-nio-8080-exec-5 com.xxglxt.service.impl.UserServiceImpl - 张三发起登录请求
DEBUG http-nio-8080-exec-5 com.xxglxt.service.impl.UserServiceImpl - 张三登录成功
DEBUG http-nio-8080-exec-1 com.xxglxt.service.impl.UserServiceImpl - 显示所有用户信息：[User(uid=1, uname=张三, pwd=666, sex=1, age=10, birth=2000-10-10), User(uid=2, uname=李四, pwd=456, sex=1, age=10, birth=2000-10-10)]
DEBUG http-nio-8080-exec-6 com.xxglxt.service.impl.UserServiceImpl - 张三发起登录请求
DEBUG http-nio-8080-exec-6 com.xxglxt.service.impl.UserServiceImpl - 张三登录成功
DEBUG http-nio-8080-exec-2 com.xxglxt.service.impl.UserServiceImpl - 显示所有用户信息：[User(uid=1, uname=张三, pwd=666, sex=1, age=10, birth=2000-10-10), User(uid=2, uname=李四, pwd=456, sex=1, age=10, birth=2000-10-10)]
DEBUG http-nio-8080-exec-5 com.xxglxt.service.impl.UserServiceImpl - 张三发起登录请求
DEBUG http-nio-8080-exec-5 com.xxglxt.service.impl.UserServiceImpl - 张三登录成功
DEBUG http-nio-8080-exec-1 com.xxglxt.service.impl.UserServiceImpl - 显示所有用户信息：[User(uid=1, uname=张三, pwd=666, sex=1, age=10, birth=2000-10-10), User(uid=2, uname=李四, pwd=456, sex=1, age=10, birth=2000-10-10)]
DEBUG http-nio-8080-exec-5 com.xxglxt.service.impl.UserServiceImpl - 张三发起登录请求
DEBUG http-nio-8080-exec-5 com.xxglxt.service.impl.UserServiceImpl - 张三登录失败
DEBUG http-nio-8080-exec-7 com.xxglxt.service.impl.UserServiceImpl - 张三发起登录请求
DEBUG http-nio-8080-exec-7 com.xxglxt.service.impl.UserServiceImpl - 张三登录成功
DEBUG http-nio-8080-exec-9 com.xxglxt.service.impl.UserServiceImpl - 王五发起登录请求
DEBUG http-nio-8080-exec-9 com.xxglxt.service.impl.UserServiceImpl - 王五登录成功
DEBUG http-nio-8080-exec-5 com.xxglxt.service.impl.UserServiceImpl - 显示所有用户信息：[User(uid=1, uname=张三, pwd=666, sex=1, age=10, birth=2000-10-10), User(uid=2, uname=李四, pwd=456, sex=1, age=10, birth=2000-10-10), User(uid=3, uname=0, pwd=0, sex=0, age=0, birth=null), User(uid=4, uname=王五, pwd=789, sex=0, age=0, birth=2021-07-15), User(uid=5, uname=王五, pwd=789, sex=0, age=0, birth=2021-07-15), User(uid=6, uname=王五, pwd=789, sex=0, age=11, birth=2021-07-15), User(uid=7, uname=王五, pwd=789, sex=0, age=11, birth=2021-07-15), User(uid=8, uname=王五, pwd=789, sex=0, age=11, birth=2021-07-15), User(uid=9, uname=王五, pwd=789, sex=0, age=11, birth=2021-07-15)]
DEBUG http-nio-8080-exec-6 com.xxglxt.service.impl.UserServiceImpl - 张三发起登录请求
DEBUG http-nio-8080-exec-6 com.xxglxt.service.impl.UserServiceImpl - 张三登录失败
DEBUG http-nio-8080-exec-10 com.xxglxt.service.impl.UserServiceImpl - 发起登录请求
DEBUG http-nio-8080-exec-10 com.xxglxt.service.impl.UserServiceImpl - 登录失败
DEBUG http-nio-8080-exec-1 com.xxglxt.service.impl.UserServiceImpl - 张三发起登录请求
DEBUG http-nio-8080-exec-1 com.xxglxt.service.impl.UserServiceImpl - 张三登录成功
DEBUG http-nio-8080-exec-1 com.xxglxt.servlet.UserServlet - 没有找到对应的操作符：null
DEBUG http-nio-8080-exec-4 com.xxglxt.servlet.UserServlet - 没有找到对应的操作符：null
DEBUG http-nio-8080-exec-7 com.xxglxt.servlet.UserServlet - 没有找到对应的操作符：null
DEBUG http-nio-8080-exec-6 com.xxglxt.service.impl.UserServiceImpl - 张三发起登录请求
DEBUG http-nio-8080-exec-6 com.xxglxt.service.impl.UserServiceImpl - 张三登录成功
DEBUG http-nio-8080-exec-10 com.xxglxt.service.impl.UserServiceImpl - 张三发起登录请求
DEBUG http-nio-8080-exec-10 com.xxglxt.service.impl.UserServiceImpl - 张三登录成功
DEBUG http-nio-8080-exec-7 com.xxglxt.service.impl.UserServiceImpl - 张三发起登录请求
DEBUG http-nio-8080-exec-7 com.xxglxt.service.impl.UserServiceImpl - 张三登录成功
